[debug] [2025-08-07T10:31:54.987Z] ----------------------------------------------------------------------
[debug] [2025-08-07T10:31:54.991Z] Command:       /usr/local/bin/node /usr/local/bin/firebase init
[debug] [2025-08-07T10:31:54.991Z] CLI Version:   14.12.0
[debug] [2025-08-07T10:31:54.991Z] Platform:      darwin
[debug] [2025-08-07T10:31:54.991Z] Node Version:  v20.16.0
[debug] [2025-08-07T10:31:54.991Z] Time:          Thu Aug 07 2025 18:31:54 GMT+0800 (Singapore Standard Time)
[debug] [2025-08-07T10:31:54.991Z] ----------------------------------------------------------------------
[debug] 
[debug] [2025-08-07T10:31:54.994Z] > command requires scopes: ["email","openid","https://www.googleapis.com/auth/cloudplatformprojects.readonly","https://www.googleapis.com/auth/firebase","https://www.googleapis.com/auth/cloud-platform"]
[debug] [2025-08-07T10:31:54.994Z] > authorizing via signed-in user (jeffreyng2002@gmail.com)
[info] 
     ######## #### ########  ######## ########     ###     ######  ########
     ##        ##  ##     ## ##       ##     ##  ##   ##  ##       ##
     ######    ##  ########  ######   ########  #########  ######  ######
     ##        ##  ##    ##  ##       ##     ## ##     ##       ## ##
     ##       #### ##     ## ######## ########  ##     ##  ######  ########

You're about to initialize a Firebase project in this directory:

  /Users/jeffrey/Projects/personal-website

[info] 
=== Project Setup
[info] 
[info] First, let's associate this project directory with a Firebase project.
[info] You can create multiple project aliases by running firebase use --add, 
[info] but for now we'll just set up a default project.
[info] 
[info] i  If you want to create a project in a Google Cloud organization or folder, please use "firebase projects:create" instead, and return to this command when you've created the project. 
[debug] [2025-08-07T10:35:32.929Z] Checked if tokens are valid: true, expires at: 1754566204963
[debug] [2025-08-07T10:35:32.929Z] Checked if tokens are valid: true, expires at: 1754566204963
[debug] [2025-08-07T10:35:32.933Z] >>> [apiv2][query] POST https://firebase.googleapis.com/v1/projects:checkProjectId [none]
[debug] [2025-08-07T10:35:32.933Z] >>> [apiv2][body] POST https://firebase.googleapis.com/v1/projects:checkProjectId {"proposedId":"personal-website"}
[debug] [2025-08-07T10:35:33.776Z] <<< [apiv2][status] POST https://firebase.googleapis.com/v1/projects:checkProjectId 200
[debug] [2025-08-07T10:35:33.776Z] <<< [apiv2][body] POST https://firebase.googleapis.com/v1/projects:checkProjectId {"projectIdStatus":"PROJECT_ID_UNAVAILABLE","suggestedProjectId":"personal-website-36ea6"}
[debug] [2025-08-07T10:35:50.152Z] Checked if tokens are valid: true, expires at: 1754566204963
[debug] [2025-08-07T10:35:50.152Z] Checked if tokens are valid: true, expires at: 1754566204963
[debug] [2025-08-07T10:35:50.153Z] >>> [apiv2][query] POST https://firebase.googleapis.com/v1/projects:checkProjectId [none]
[debug] [2025-08-07T10:35:50.153Z] >>> [apiv2][body] POST https://firebase.googleapis.com/v1/projects:checkProjectId {"proposedId":"jeff's personal website"}
[debug] [2025-08-07T10:35:50.751Z] <<< [apiv2][status] POST https://firebase.googleapis.com/v1/projects:checkProjectId 200
[debug] [2025-08-07T10:35:50.751Z] <<< [apiv2][body] POST https://firebase.googleapis.com/v1/projects:checkProjectId {"projectIdStatus":"PROJECT_ID_NOT_VALID","suggestedProjectId":"jeffs-personal-website"}
[debug] [2025-08-07T10:35:58.180Z] Checked if tokens are valid: true, expires at: 1754566204963
[debug] [2025-08-07T10:35:58.180Z] Checked if tokens are valid: true, expires at: 1754566204963
[debug] [2025-08-07T10:35:58.181Z] >>> [apiv2][query] POST https://firebase.googleapis.com/v1/projects:checkProjectId [none]
[debug] [2025-08-07T10:35:58.181Z] >>> [apiv2][body] POST https://firebase.googleapis.com/v1/projects:checkProjectId {"proposedId":"jeff's-personal-website"}
[debug] [2025-08-07T10:35:58.856Z] <<< [apiv2][status] POST https://firebase.googleapis.com/v1/projects:checkProjectId 200
[debug] [2025-08-07T10:35:58.856Z] <<< [apiv2][body] POST https://firebase.googleapis.com/v1/projects:checkProjectId {"projectIdStatus":"PROJECT_ID_NOT_VALID","suggestedProjectId":"jeffs-personal-website"}
[debug] [2025-08-07T10:36:05.460Z] Checked if tokens are valid: true, expires at: 1754566204963
[debug] [2025-08-07T10:36:05.460Z] Checked if tokens are valid: true, expires at: 1754566204963
[debug] [2025-08-07T10:36:05.461Z] >>> [apiv2][query] POST https://firebase.googleapis.com/v1/projects:checkProjectId [none]
[debug] [2025-08-07T10:36:05.461Z] >>> [apiv2][body] POST https://firebase.googleapis.com/v1/projects:checkProjectId {"proposedId":"jeffs-personal-website"}
[debug] [2025-08-07T10:36:05.818Z] <<< [apiv2][status] POST https://firebase.googleapis.com/v1/projects:checkProjectId 200
[debug] [2025-08-07T10:36:05.819Z] <<< [apiv2][body] POST https://firebase.googleapis.com/v1/projects:checkProjectId {"projectIdStatus":"PROJECT_ID_AVAILABLE","suggestedProjectId":"jeffs-personal-website"}
[debug] [2025-08-07T10:36:21.735Z] Checked if tokens are valid: true, expires at: 1754566204963
[debug] [2025-08-07T10:36:21.735Z] Checked if tokens are valid: true, expires at: 1754566204963
[debug] [2025-08-07T10:36:21.736Z] >>> [apiv2][query] POST https://cloudresourcemanager.googleapis.com/v1/projects [none]
[debug] [2025-08-07T10:36:21.736Z] >>> [apiv2][body] POST https://cloudresourcemanager.googleapis.com/v1/projects {"projectId":"jeffs-personal-website","name":"Personal Website"}
[debug] [2025-08-07T10:36:22.952Z] <<< [apiv2][status] POST https://cloudresourcemanager.googleapis.com/v1/projects 200
[debug] [2025-08-07T10:36:22.952Z] <<< [apiv2][body] POST https://cloudresourcemanager.googleapis.com/v1/projects {"name":"operations/create_project.global.5325923341768803854"}
[debug] [2025-08-07T10:36:22.954Z] Checked if tokens are valid: true, expires at: 1754566204963
[debug] [2025-08-07T10:36:22.954Z] Checked if tokens are valid: true, expires at: 1754566204963
[debug] [2025-08-07T10:36:22.954Z] >>> [apiv2][query] GET https://cloudresourcemanager.googleapis.com/v1/operations/create_project.global.5325923341768803854 [none]
[debug] [2025-08-07T10:36:24.005Z] <<< [apiv2][status] GET https://cloudresourcemanager.googleapis.com/v1/operations/create_project.global.5325923341768803854 200
[debug] [2025-08-07T10:36:24.005Z] <<< [apiv2][body] GET https://cloudresourcemanager.googleapis.com/v1/operations/create_project.global.5325923341768803854 {"name":"operations/create_project.global.5325923341768803854"}
[debug] [2025-08-07T10:36:24.507Z] [Project Creation Poller] Retrying task index 0
[debug] [2025-08-07T10:36:24.507Z] Checked if tokens are valid: true, expires at: 1754566204963
[debug] [2025-08-07T10:36:24.508Z] Checked if tokens are valid: true, expires at: 1754566204963
[debug] [2025-08-07T10:36:24.508Z] >>> [apiv2][query] GET https://cloudresourcemanager.googleapis.com/v1/operations/create_project.global.5325923341768803854 [none]
[debug] [2025-08-07T10:36:24.764Z] <<< [apiv2][status] GET https://cloudresourcemanager.googleapis.com/v1/operations/create_project.global.5325923341768803854 200
[debug] [2025-08-07T10:36:24.765Z] <<< [apiv2][body] GET https://cloudresourcemanager.googleapis.com/v1/operations/create_project.global.5325923341768803854 {"name":"operations/create_project.global.5325923341768803854","metadata":{"@type":"type.googleapis.com/google.cloudresourcemanager.v1.ProjectCreationStatus","gettable":true,"ready":true},"done":true,"response":{"@type":"type.googleapis.com/google.cloudresourcemanager.v1.Project","projectNumber":"1012453630891","projectId":"jeffs-personal-website","lifecycleState":"ACTIVE","name":"Personal Website","createTime":"2025-08-07T10:36:23.980466Z"}}
[debug] [2025-08-07T10:36:24.766Z] Checked if tokens are valid: true, expires at: 1754566204963
[debug] [2025-08-07T10:36:24.766Z] Checked if tokens are valid: true, expires at: 1754566204963
[debug] [2025-08-07T10:36:24.766Z] >>> [apiv2][query] POST https://firebase.googleapis.com/v1beta1/projects/jeffs-personal-website:addFirebase [none]
[debug] [2025-08-07T10:36:28.171Z] <<< [apiv2][status] POST https://firebase.googleapis.com/v1beta1/projects/jeffs-personal-website:addFirebase 200
[debug] [2025-08-07T10:36:28.171Z] <<< [apiv2][body] POST https://firebase.googleapis.com/v1beta1/projects/jeffs-personal-website:addFirebase {"name":"operations/workflows/M2VlMjA0ZjUtZTc1OS00Y2ZmLTlkOGEtZGQ2YWFiMzg0NWMx"}
[debug] [2025-08-07T10:36:28.172Z] Checked if tokens are valid: true, expires at: 1754566204963
[debug] [2025-08-07T10:36:28.172Z] Checked if tokens are valid: true, expires at: 1754566204963
[debug] [2025-08-07T10:36:28.172Z] >>> [apiv2][query] GET https://firebase.googleapis.com/v1beta1/operations/workflows/M2VlMjA0ZjUtZTc1OS00Y2ZmLTlkOGEtZGQ2YWFiMzg0NWMx [none]
[debug] [2025-08-07T10:36:29.229Z] <<< [apiv2][status] GET https://firebase.googleapis.com/v1beta1/operations/workflows/M2VlMjA0ZjUtZTc1OS00Y2ZmLTlkOGEtZGQ2YWFiMzg0NWMx 200
[debug] [2025-08-07T10:36:29.229Z] <<< [apiv2][body] GET https://firebase.googleapis.com/v1beta1/operations/workflows/M2VlMjA0ZjUtZTc1OS00Y2ZmLTlkOGEtZGQ2YWFiMzg0NWMx {"name":"operations/workflows/M2VlMjA0ZjUtZTc1OS00Y2ZmLTlkOGEtZGQ2YWFiMzg0NWMx"}
[debug] [2025-08-07T10:36:29.730Z] [Add Firebase Poller] Retrying task index 0
[debug] [2025-08-07T10:36:29.730Z] Checked if tokens are valid: true, expires at: 1754566204963
[debug] [2025-08-07T10:36:29.730Z] Checked if tokens are valid: true, expires at: 1754566204963
[debug] [2025-08-07T10:36:29.731Z] >>> [apiv2][query] GET https://firebase.googleapis.com/v1beta1/operations/workflows/M2VlMjA0ZjUtZTc1OS00Y2ZmLTlkOGEtZGQ2YWFiMzg0NWMx [none]
[debug] [2025-08-07T10:36:30.498Z] <<< [apiv2][status] GET https://firebase.googleapis.com/v1beta1/operations/workflows/M2VlMjA0ZjUtZTc1OS00Y2ZmLTlkOGEtZGQ2YWFiMzg0NWMx 200
[debug] [2025-08-07T10:36:30.498Z] <<< [apiv2][body] GET https://firebase.googleapis.com/v1beta1/operations/workflows/M2VlMjA0ZjUtZTc1OS00Y2ZmLTlkOGEtZGQ2YWFiMzg0NWMx {"name":"operations/workflows/M2VlMjA0ZjUtZTc1OS00Y2ZmLTlkOGEtZGQ2YWFiMzg0NWMx"}
[debug] [2025-08-07T10:36:31.499Z] [Add Firebase Poller] Retrying task index 0
[debug] [2025-08-07T10:36:31.500Z] Checked if tokens are valid: true, expires at: 1754566204963
[debug] [2025-08-07T10:36:31.500Z] Checked if tokens are valid: true, expires at: 1754566204963
[debug] [2025-08-07T10:36:31.500Z] >>> [apiv2][query] GET https://firebase.googleapis.com/v1beta1/operations/workflows/M2VlMjA0ZjUtZTc1OS00Y2ZmLTlkOGEtZGQ2YWFiMzg0NWMx [none]
[debug] [2025-08-07T10:36:34.265Z] <<< [apiv2][status] GET https://firebase.googleapis.com/v1beta1/operations/workflows/M2VlMjA0ZjUtZTc1OS00Y2ZmLTlkOGEtZGQ2YWFiMzg0NWMx 200
[debug] [2025-08-07T10:36:34.266Z] <<< [apiv2][body] GET https://firebase.googleapis.com/v1beta1/operations/workflows/M2VlMjA0ZjUtZTc1OS00Y2ZmLTlkOGEtZGQ2YWFiMzg0NWMx {"name":"operations/workflows/M2VlMjA0ZjUtZTc1OS00Y2ZmLTlkOGEtZGQ2YWFiMzg0NWMx"}
[debug] [2025-08-07T10:36:36.266Z] [Add Firebase Poller] Retrying task index 0
[debug] [2025-08-07T10:36:36.267Z] Checked if tokens are valid: true, expires at: 1754566204963
[debug] [2025-08-07T10:36:36.267Z] Checked if tokens are valid: true, expires at: 1754566204963
[debug] [2025-08-07T10:36:36.267Z] >>> [apiv2][query] GET https://firebase.googleapis.com/v1beta1/operations/workflows/M2VlMjA0ZjUtZTc1OS00Y2ZmLTlkOGEtZGQ2YWFiMzg0NWMx [none]
[debug] [2025-08-07T10:36:37.050Z] <<< [apiv2][status] GET https://firebase.googleapis.com/v1beta1/operations/workflows/M2VlMjA0ZjUtZTc1OS00Y2ZmLTlkOGEtZGQ2YWFiMzg0NWMx 200
[debug] [2025-08-07T10:36:37.051Z] <<< [apiv2][body] GET https://firebase.googleapis.com/v1beta1/operations/workflows/M2VlMjA0ZjUtZTc1OS00Y2ZmLTlkOGEtZGQ2YWFiMzg0NWMx {"name":"operations/workflows/M2VlMjA0ZjUtZTc1OS00Y2ZmLTlkOGEtZGQ2YWFiMzg0NWMx","done":true,"response":{"@type":"type.googleapis.com/google.firebase.service.v1beta1.FirebaseProject","projectId":"jeffs-personal-website","projectNumber":"1012453630891","displayName":"Personal Website","name":"projects/jeffs-personal-website","resources":{"hostingSite":"jeffs-personal-website"}}}
[info] 
[info] 🎉🎉🎉 Your Firebase project is ready! 🎉🎉🎉
[info] 
[info] Project information:
[info]    - Project ID: jeffs-personal-website
[info]    - Project Name: Personal Website
[info] 
[info] Firebase console is available at
[info] https://console.firebase.google.com/project/jeffs-personal-website/overview
[info] i  Using project jeffs-personal-website (Personal Website) 
[info] 
=== Hosting Setup
[debug] [2025-08-07T10:36:37.124Z] Checked if tokens are valid: true, expires at: 1754566204963
[debug] [2025-08-07T10:36:37.124Z] Checked if tokens are valid: true, expires at: 1754566204963
[debug] [2025-08-07T10:36:37.124Z] >>> [apiv2][query] GET https://firebase.googleapis.com/v1beta1/projects/jeffs-personal-website [none]
[debug] [2025-08-07T10:36:38.453Z] <<< [apiv2][status] GET https://firebase.googleapis.com/v1beta1/projects/jeffs-personal-website 200
[debug] [2025-08-07T10:36:38.453Z] <<< [apiv2][body] GET https://firebase.googleapis.com/v1beta1/projects/jeffs-personal-website {"projectId":"jeffs-personal-website","projectNumber":"1012453630891","displayName":"Personal Website","name":"projects/jeffs-personal-website","resources":{"hostingSite":"jeffs-personal-website"},"state":"ACTIVE","etag":"1_522005ee-41f4-4d74-a31e-91a763634333"}
[info] 
[info] Your public directory is the folder (relative to your project directory) that
[info] will contain Hosting assets to be uploaded with firebase deploy. If you
[info] have a build process for your assets, use your build's output directory.
[info] 
